<?xml version="1.0" encoding="UTF-8"?>
<!-- Generated by org.testng.reporters.JUnitReportReporter -->
<testsuite hostname="admin-PC" name="scripts.InvalidLogin" tests="1" failures="0" timestamp="21 Feb 2018 11:04:05 GMT" time="10.383" errors="0">
  <testcase name="testInvalidLogin" time="10.383" classname="scripts.InvalidLogin"/>
</testsuite> <!-- scripts.InvalidLogin -->
