<?xml version="1.0" encoding="UTF-8"?>
<!-- Generated by org.testng.reporters.JUnitReportReporter -->
<testsuite hostname="admin-PC" name="scripts.ValidLoginLogout" tests="1" failures="0" timestamp="21 Feb 2018 11:04:05 GMT" time="14.237" errors="0">
  <testcase name="testValidLoginLogout" time="14.237" classname="scripts.ValidLoginLogout"/>
</testsuite> <!-- scripts.ValidLoginLogout -->
