<?xml version="1.0" encoding="UTF-8"?>
<!-- Generated by org.testng.reporters.JUnitReportReporter -->
<testsuite hostname="admin-PC" name="scripts.VerifyActitimeVersion" tests="1" failures="0" timestamp="21 Feb 2018 11:04:05 GMT" time="24.231" errors="0">
  <testcase name="testVerifyActitimeVersion" time="24.231" classname="scripts.VerifyActitimeVersion"/>
</testsuite> <!-- scripts.VerifyActitimeVersion -->
